<?xml version="1.0" encoding="UTF-8"?>
<testsuite name="com.example.initproject.InitProjectApplicationTests" tests="1" skipped="0" failures="0" errors="0" timestamp="2022-07-31T04:51:52" hostname="js-MacBookPro.local" time="0.145">
  <properties/>
  <testcase name="contextLoads()" classname="com.example.initproject.InitProjectApplicationTests" time="0.145"/>
  <system-out><![CDATA[13:51:51.382 [Test worker] DEBUG org.springframework.test.context.BootstrapUtils - Instantiating CacheAwareContextLoaderDelegate from class [org.springframework.test.context.cache.DefaultCacheAwareContextLoaderDelegate]
13:51:51.386 [Test worker] DEBUG org.springframework.test.context.BootstrapUtils - Instantiating BootstrapContext using constructor [public org.springframework.test.context.support.DefaultBootstrapContext(java.lang.Class,org.springframework.test.context.CacheAwareContextLoaderDelegate)]
13:51:51.399 [Test worker] DEBUG org.springframework.test.context.BootstrapUtils - Instantiating TestContextBootstrapper for test class [com.example.initproject.InitProjectApplicationTests] from class [org.springframework.boot.test.context.SpringBootTestContextBootstrapper]
13:51:51.402 [Test worker] INFO org.springframework.boot.test.context.SpringBootTestContextBootstrapper - Neither @ContextConfiguration nor @ContextHierarchy found for test class [com.example.initproject.InitProjectApplicationTests], using SpringBootContextLoader
13:51:51.404 [Test worker] DEBUG org.springframework.test.context.support.AbstractContextLoader - Did not detect default resource location for test class [com.example.initproject.InitProjectApplicationTests]: class path resource [com/example/initproject/InitProjectApplicationTests-context.xml] does not exist
13:51:51.404 [Test worker] DEBUG org.springframework.test.context.support.AbstractContextLoader - Did not detect default resource location for test class [com.example.initproject.InitProjectApplicationTests]: class path resource [com/example/initproject/InitProjectApplicationTestsContext.groovy] does not exist
13:51:51.404 [Test worker] INFO org.springframework.test.context.support.AbstractContextLoader - Could not detect default resource locations for test class [com.example.initproject.InitProjectApplicationTests]: no resource found for suffixes {-context.xml, Context.groovy}.
13:51:51.404 [Test worker] INFO org.springframework.test.context.support.AnnotationConfigContextLoaderUtils - Could not detect default configuration classes for test class [com.example.initproject.InitProjectApplicationTests]: InitProjectApplicationTests does not declare any static, non-private, non-final, nested classes annotated with @Configuration.
13:51:51.417 [Test worker] DEBUG org.springframework.test.context.support.ActiveProfilesUtils - Could not find an 'annotation declaring class' for annotation type [org.springframework.test.context.ActiveProfiles] and class [com.example.initproject.InitProjectApplicationTests]
13:51:51.438 [Test worker] DEBUG org.springframework.context.annotation.ClassPathScanningCandidateComponentProvider - Identified candidate component class: file [/Users/js/Cleancode/lecture_spring_initProject/build/classes/java/main/com/example/initproject/InitProjectApplication.class]
13:51:51.439 [Test worker] INFO org.springframework.boot.test.context.SpringBootTestContextBootstrapper - Found @SpringBootConfiguration com.example.initproject.InitProjectApplication for test class com.example.initproject.InitProjectApplicationTests
13:51:51.469 [Test worker] DEBUG org.springframework.boot.test.context.SpringBootTestContextBootstrapper - @TestExecutionListeners is not present for class [com.example.initproject.InitProjectApplicationTests]: using defaults.
13:51:51.470 [Test worker] INFO org.springframework.boot.test.context.SpringBootTestContextBootstrapper - Loaded default TestExecutionListener class names from location [META-INF/spring.factories]: [org.springframework.boot.test.autoconfigure.restdocs.RestDocsTestExecutionListener, org.springframework.boot.test.autoconfigure.web.client.MockRestServiceServerResetTestExecutionListener, org.springframework.boot.test.autoconfigure.web.servlet.MockMvcPrintOnlyOnFailureTestExecutionListener, org.springframework.boot.test.autoconfigure.web.servlet.WebDriverTestExecutionListener, org.springframework.boot.test.autoconfigure.webservices.client.MockWebServiceServerTestExecutionListener, org.springframework.boot.test.mock.mockito.MockitoTestExecutionListener, org.springframework.boot.test.mock.mockito.ResetMocksTestExecutionListener, org.springframework.test.context.web.ServletTestExecutionListener, org.springframework.test.context.support.DirtiesContextBeforeModesTestExecutionListener, org.springframework.test.context.event.ApplicationEventsTestExecutionListener, org.springframework.test.context.support.DependencyInjectionTestExecutionListener, org.springframework.test.context.support.DirtiesContextTestExecutionListener, org.springframework.test.context.transaction.TransactionalTestExecutionListener, org.springframework.test.context.jdbc.SqlScriptsTestExecutionListener, org.springframework.test.context.event.EventPublishingTestExecutionListener]
13:51:51.473 [Test worker] DEBUG org.springframework.boot.test.context.SpringBootTestContextBootstrapper - Skipping candidate TestExecutionListener [org.springframework.test.context.transaction.TransactionalTestExecutionListener] due to a missing dependency. Specify custom listener classes or make the default listener classes and their required dependencies available. Offending class: [org/springframework/transaction/interceptor/TransactionAttributeSource]
13:51:51.473 [Test worker] DEBUG org.springframework.boot.test.context.SpringBootTestContextBootstrapper - Skipping candidate TestExecutionListener [org.springframework.test.context.jdbc.SqlScriptsTestExecutionListener] due to a missing dependency. Specify custom listener classes or make the default listener classes and their required dependencies available. Offending class: [org/springframework/transaction/interceptor/TransactionAttribute]
13:51:51.473 [Test worker] INFO org.springframework.boot.test.context.SpringBootTestContextBootstrapper - Using TestExecutionListeners: [org.springframework.test.context.web.ServletTestExecutionListener@57eda880, org.springframework.test.context.support.DirtiesContextBeforeModesTestExecutionListener@2b5825fa, org.springframework.test.context.event.ApplicationEventsTestExecutionListener@53d1b9b3, org.springframework.boot.test.mock.mockito.MockitoTestExecutionListener@2cae1042, org.springframework.boot.test.autoconfigure.SpringBootDependencyInjectionTestExecutionListener@163d04ff, org.springframework.test.context.support.DirtiesContextTestExecutionListener@7c209437, org.springframework.test.context.event.EventPublishingTestExecutionListener@2262b621, org.springframework.boot.test.autoconfigure.restdocs.RestDocsTestExecutionListener@7e928e2f, org.springframework.boot.test.autoconfigure.web.client.MockRestServiceServerResetTestExecutionListener@f667fe, org.springframework.boot.test.autoconfigure.web.servlet.MockMvcPrintOnlyOnFailureTestExecutionListener@788fcafb, org.springframework.boot.test.autoconfigure.web.servlet.WebDriverTestExecutionListener@4febb875, org.springframework.boot.test.autoconfigure.webservices.client.MockWebServiceServerTestExecutionListener@25e2a451, org.springframework.boot.test.mock.mockito.ResetMocksTestExecutionListener@1698ee84]
13:51:51.474 [Test worker] DEBUG org.springframework.test.context.support.AbstractDirtiesContextTestExecutionListener - Before test class: context [DefaultTestContext@505a9d7c testClass = InitProjectApplicationTests, testInstance = [null], testMethod = [null], testException = [null], mergedContextConfiguration = [WebMergedContextConfiguration@758c83d8 testClass = InitProjectApplicationTests, locations = '{}', classes = '{class com.example.initproject.InitProjectApplication}', contextInitializerClasses = '[]', activeProfiles = '{}', propertySourceLocations = '{}', propertySourceProperties = '{org.springframework.boot.test.context.SpringBootTestContextBootstrapper=true}', contextCustomizers = set[org.springframework.boot.test.autoconfigure.actuate.metrics.MetricsExportContextCustomizerFactory$DisableMetricExportContextCustomizer@38ba6ce3, org.springframework.boot.test.autoconfigure.properties.PropertyMappingContextCustomizer@0, org.springframework.boot.test.autoconfigure.web.servlet.WebDriverContextCustomizerFactory$Customizer@82ea68c, org.springframework.boot.test.context.filter.ExcludeFilterContextCustomizer@8e50104, org.springframework.boot.test.json.DuplicateJsonObjectContextCustomizerFactory$DuplicateJsonObjectContextCustomizer@45a37759, org.springframework.boot.test.mock.mockito.MockitoContextCustomizer@0, org.springframework.boot.test.web.client.TestRestTemplateContextCustomizer@3f57bcad, org.springframework.boot.test.context.SpringBootTestArgs@1, org.springframework.boot.test.context.SpringBootTestWebEnvironment@38afe297], resourceBasePath = 'src/main/webapp', contextLoader = 'org.springframework.boot.test.context.SpringBootContextLoader', parent = [null]], attributes = map['org.springframework.test.context.web.ServletTestExecutionListener.activateListener' -> true]], class annotated with @DirtiesContext [false] with mode [null].

  .   ____          _            __ _ _
 /\\ / ___'_ __ _ _(_)_ __  __ _ \ \ \ \
( ( )\___ | '_ | '_| | '_ \/ _` | \ \ \ \
 \\/  ___)| |_)| | | | | || (_| |  ) ) ) )
  '  |____| .__|_| |_|_| |_\__, | / / / /
 =========|_|==============|___/=/_/_/_/
 :: Spring Boot ::                (v2.7.2)

2022-07-31 13:51:51.604  INFO 3531 --- [    Test worker] c.e.i.InitProjectApplicationTests        : Starting InitProjectApplicationTests using Java 17.0.3.1 on js-MacBookPro.local with PID 3531 (started by js in /Users/js/Cleancode/lecture_spring_initProject)
2022-07-31 13:51:51.605  INFO 3531 --- [    Test worker] c.e.i.InitProjectApplicationTests        : No active profile set, falling back to 1 default profile: "default"
2022-07-31 13:51:52.033  INFO 3531 --- [    Test worker] o.s.b.a.w.s.WelcomePageHandlerMapping    : Adding welcome page template: index
2022-07-31 13:51:52.136  INFO 3531 --- [    Test worker] c.e.i.InitProjectApplicationTests        : Started InitProjectApplicationTests in 0.648 seconds (JVM running for 1.037)
]]></system-out>
  <system-err><![CDATA[]]></system-err>
</testsuite>
